
10/10/2017, 11:48:42 PM

Operating System
  Name                        = GNU/Linux
  Version                     = 
  Architecture                = 64bit
  # CPUs                      = 3
  Memory                      = 2093932544

Node.js
  Node.js Version             = 6.10.0
  npm Version                 = 3.10.10

Titanium CLI
  CLI Version                 = 5.0.11

Titanium SDK
  SDK Version                 = 4.0.0.GA
  SDK Path                    = /home/csc8420/.titanium/mobilesdk/linux/4.0.0.GA
  Target Platform             = android

Command
  /usr/bin/nodejs /usr/local/bin/titanium build -p android

[WARN]   Unable to locate an /usr/lib/libGL.so.
[WARN]   Without the libGL library, the Android Emulator may not work properly.
[WARN]   You may be able to fix it by reinstalling your graphics drivers and make sure it installs the 32-bit version.
[INFO]   Auto selecting emulator that closest matches 5.0.1
[DEBUG]  Searching for version >= 5.0.1 and has Google APIs
[DEBUG]  Searching for version >= 5.0.1 and may have Google APIs
[DEBUG]  Searching for version >= 5.0.1 and no Google APIs
[DEBUG]  Searching for version < 5.0.1 and has Google APIs
[INFO]   Auto selected emulator titanium-1 4.4.2
[DEBUG]  Detecting modules in /home/csc8420/.titanium/modules
[DEBUG]  Detected android module: facebook 4.0.3 @ /home/csc8420/.titanium/modules/android/facebook/4.0.3
[DEBUG]  Detected android module: ti.cloudpush 3.3.8 @ /home/csc8420/.titanium/modules/android/ti.cloudpush/3.3.8
[DEBUG]  Detected android module: ti.map 2.3.0 @ /home/csc8420/.titanium/modules/android/ti.map/2.3.0
[DEBUG]  Detected commonjs module: ti.cloud 3.2.8 @ /home/csc8420/.titanium/modules/commonjs/ti.cloud/3.2.8
[DEBUG]  No project level plugins to load
[DEBUG]  Titanium SDK Android directory: /home/csc8420/.titanium/mobilesdk/linux/4.0.0.GA/android
[INFO]   Deploy type: development
[INFO]   Building for target: emulator
[INFO]   Building for emulator: titanium-1
[INFO]   Targeting Android SDK: 21
[INFO]   Building for the following architectures: armeabi, armeabi-v7a, x86
[INFO]   Signing with keystore: /home/csc8420/.titanium/mobilesdk/linux/4.0.0.GA/android/dev_keystore (tidev)
[DEBUG]  App ID: au.edu.usq.csc8420.sarp.a1
[DEBUG]  Classname: A1Sarpkaya
[INFO]   Debugging disabled
[INFO]   Profiler disabled
[INFO]   Launching emulator: titanium-1
[TRACE]  Starting emulator: titanium-1
[TRACE]  Checking if emulator titanium-1 is running...
[TRACE]  Detecting if titanium-1 exists...
[TRACE]  Found 1 emulators
[TRACE]  Emulator exists, detecting all running emulators and connected devices...
[TRACE]  Detected 0 running emulators and connected devices
[TRACE]  Emulator not running, detecting running emulators
[TRACE]  Found 1 emulators
[TRACE]  Starting the emulator...
[TRACE]  Scanning ports to find a port for the emulator to listening on
[TRACE]  Emulator will listen on port 5554
[INFO]   Running: /home/csc8420/Android/tools/emulator "-avd" "titanium-1" "-port" "5554" "-no-boot-anim" "-partition-size" "128"
[TRACE]  Emulator is starting, monitoring boot state...
[TRACE]  Checking the boot state for the next 240000 ms
[TRACE]  Waiting for emulator to register with ADB
[TRACE]  Emulator process started
[WARN]   Overwriting file /home/csc8420/Titanium/RandomMunch/build/android/bin/assets/Resources/KS_nav_ui.png
[DEBUG]  Symlinking /home/csc8420/Titanium/RandomMunch/Resources/KS_nav_ui.png => /home/csc8420/Titanium/RandomMunch/build/android/bin/assets/Resources/KS_nav_ui.png
[WARN]   Overwriting file /home/csc8420/Titanium/RandomMunch/build/android/bin/assets/Resources/KS_nav_views.png
[DEBUG]  Symlinking /home/csc8420/Titanium/RandomMunch/Resources/KS_nav_views.png => /home/csc8420/Titanium/RandomMunch/build/android/bin/assets/Resources/KS_nav_views.png
[DEBUG]  Ignoring /home/csc8420/Titanium/RandomMunch/Resources/android
[WARN]   Overwriting file /home/csc8420/Titanium/RandomMunch/build/android/bin/assets/Resources/appicon.png
[DEBUG]  Symlinking /home/csc8420/Titanium/RandomMunch/Resources/android/appicon.png => /home/csc8420/Titanium/RandomMunch/build/android/bin/assets/Resources/appicon.png
[DEBUG]  Symlinking /home/csc8420/Titanium/RandomMunch/Resources/android/default.png => /home/csc8420/Titanium/RandomMunch/build/android/res/drawable/background.png
[TRACE]  No devices found, continuing to wait
[DEBUG]  Symlinking /home/csc8420/Titanium/RandomMunch/Resources/android/images/res-long-land-hdpi/default.png => /home/csc8420/Titanium/RandomMunch/build/android/res/drawable-long-land-hdpi/background.png
[DEBUG]  Symlinking /home/csc8420/Titanium/RandomMunch/Resources/android/images/res-long-land-ldpi/default.png => /home/csc8420/Titanium/RandomMunch/build/android/res/drawable-long-land-ldpi/background.png
[DEBUG]  Symlinking /home/csc8420/Titanium/RandomMunch/Resources/android/images/res-long-port-hdpi/default.png => /home/csc8420/Titanium/RandomMunch/build/android/res/drawable-long-port-hdpi/background.png
[DEBUG]  Symlinking /home/csc8420/Titanium/RandomMunch/Resources/android/images/res-long-port-ldpi/default.png => /home/csc8420/Titanium/RandomMunch/build/android/res/drawable-long-port-ldpi/background.png
[DEBUG]  Symlinking /home/csc8420/Titanium/RandomMunch/Resources/android/images/res-notlong-land-hdpi/default.png => /home/csc8420/Titanium/RandomMunch/build/android/res/drawable-notlong-land-hdpi/background.png
[DEBUG]  Symlinking /home/csc8420/Titanium/RandomMunch/Resources/android/images/res-notlong-land-ldpi/default.png => /home/csc8420/Titanium/RandomMunch/build/android/res/drawable-notlong-land-ldpi/background.png
[DEBUG]  Symlinking /home/csc8420/Titanium/RandomMunch/Resources/android/images/res-notlong-land-mdpi/default.png => /home/csc8420/Titanium/RandomMunch/build/android/res/drawable-notlong-land-mdpi/background.png
[DEBUG]  Symlinking /home/csc8420/Titanium/RandomMunch/Resources/android/images/res-notlong-port-hdpi/default.png => /home/csc8420/Titanium/RandomMunch/build/android/res/drawable-notlong-port-hdpi/background.png
[DEBUG]  Symlinking /home/csc8420/Titanium/RandomMunch/Resources/android/images/res-notlong-port-ldpi/default.png => /home/csc8420/Titanium/RandomMunch/build/android/res/drawable-notlong-port-ldpi/background.png
[DEBUG]  Symlinking /home/csc8420/Titanium/RandomMunch/Resources/android/images/res-notlong-port-mdpi/default.png => /home/csc8420/Titanium/RandomMunch/build/android/res/drawable-notlong-port-mdpi/background.png
[DEBUG]  Symlinking /home/csc8420/Titanium/RandomMunch/build/android/bin/assets/Resources/appicon.png => /home/csc8420/Titanium/RandomMunch/build/android/res/drawable/appicon.png
[INFO]   Processing JavaScript files
[WARN]   Overwriting file /home/csc8420/Titanium/RandomMunch/build/android/bin/assets/Resources/app.js
[DEBUG]  Symlinking /home/csc8420/Titanium/RandomMunch/Resources/app.js => /home/csc8420/Titanium/RandomMunch/build/android/bin/assets/Resources/app.js
[WARN]   Overwriting file /home/csc8420/Titanium/RandomMunch/build/android/bin/assets/Resources/common.js
[DEBUG]  Symlinking /home/csc8420/Titanium/RandomMunch/Resources/common.js => /home/csc8420/Titanium/RandomMunch/build/android/bin/assets/Resources/common.js
[WARN]   Overwriting file /home/csc8420/Titanium/RandomMunch/build/android/bin/assets/Resources/edit_ingredients.js
[DEBUG]  Symlinking /home/csc8420/Titanium/RandomMunch/Resources/edit_ingredients.js => /home/csc8420/Titanium/RandomMunch/build/android/bin/assets/Resources/edit_ingredients.js
[DEBUG]  Adding library /home/csc8420/.titanium/mobilesdk/linux/4.0.0.GA/android/kroll-v8.jar
[DEBUG]  Adding library /home/csc8420/.titanium/mobilesdk/linux/4.0.0.GA/android/modules/titanium-analytics.jar
[DEBUG]  Adding dependency library /home/csc8420/.titanium/mobilesdk/linux/4.0.0.GA/android/aps-analytics.jar
[DEBUG]  Adding library /home/csc8420/.titanium/mobilesdk/linux/4.0.0.GA/android/modules/titanium-android.jar
[DEBUG]  Adding dependency library /home/csc8420/.titanium/mobilesdk/linux/4.0.0.GA/android/jaxen-1.1.1.jar
[DEBUG]  Adding dependency library /home/csc8420/.titanium/mobilesdk/linux/4.0.0.GA/android/ti-commons-codec-1.3.jar
[DEBUG]  Adding dependency library /home/csc8420/.titanium/mobilesdk/linux/4.0.0.GA/android/kroll-common.jar
[DEBUG]  Adding dependency library /home/csc8420/.titanium/mobilesdk/linux/4.0.0.GA/android/titanium.jar
[DEBUG]  Adding library /home/csc8420/.titanium/mobilesdk/linux/4.0.0.GA/android/modules/titanium-app.jar
[DEBUG]  Adding library /home/csc8420/.titanium/mobilesdk/linux/4.0.0.GA/android/modules/titanium-ui.jar
[DEBUG]  Adding dependency library /home/csc8420/.titanium/mobilesdk/linux/4.0.0.GA/android/nineoldandroids-appc-2.4.0.jar
[DEBUG]  Adding library /home/csc8420/.titanium/mobilesdk/linux/4.0.0.GA/android/modules/titanium-filesystem.jar
[DEBUG]  Adding library /home/csc8420/.titanium/mobilesdk/linux/4.0.0.GA/android/modules/titanium-media.jar
[DEBUG]  Adding library /home/csc8420/.titanium/mobilesdk/linux/4.0.0.GA/android/modules/titanium-appcompat.jar
[DEBUG]  Adding dependency library /home/csc8420/.titanium/mobilesdk/linux/4.0.0.GA/android/android-support-v4.jar
[DEBUG]  Adding dependency library /home/csc8420/.titanium/mobilesdk/linux/4.0.0.GA/android/android-support-v7-appcompat.jar
[DEBUG]  Adding library /home/csc8420/.titanium/mobilesdk/linux/4.0.0.GA/android/modules/titanium-locale.jar
[DEBUG]  Adding library /home/csc8420/.titanium/mobilesdk/linux/4.0.0.GA/android/modules/titanium-network.jar
[DEBUG]  Adding dependency library /home/csc8420/.titanium/mobilesdk/linux/4.0.0.GA/android/thirdparty.jar
[DEBUG]  Adding library /home/csc8420/.titanium/mobilesdk/linux/4.0.0.GA/android/modules/titanium-xml.jar
[DEBUG]  Adding library /home/csc8420/.titanium/mobilesdk/linux/4.0.0.GA/android/modules/titanium-utils.jar
[DEBUG]  Adding library /home/csc8420/.titanium/mobilesdk/linux/4.0.0.GA/android/modules/titanium-geolocation.jar
[DEBUG]  Adding library /home/csc8420/.titanium/mobilesdk/linux/4.0.0.GA/android/modules/titanium-accelerometer.jar
[DEBUG]  Adding library /home/csc8420/.titanium/mobilesdk/linux/4.0.0.GA/android/modules/titanium-contacts.jar
[DEBUG]  Adding library /home/csc8420/.titanium/mobilesdk/linux/4.0.0.GA/android/modules/titanium-map.jar
[DEBUG]  Adding library /home/csc8420/.titanium/mobilesdk/linux/4.0.0.GA/android/modules/titanium-gesture.jar
[DEBUG]  Adding library /home/csc8420/.titanium/mobilesdk/linux/4.0.0.GA/android/modules/titanium-calendar.jar
[DEBUG]  Adding library /home/csc8420/.titanium/mobilesdk/linux/4.0.0.GA/android/modules/titanium-platform.jar
[DEBUG]  Adding library /home/csc8420/.titanium/mobilesdk/linux/4.0.0.GA/android/modules/titanium-database.jar
[INFO]   Writing /home/csc8420/Titanium/RandomMunch/build/android/bin/assets/app.json
[INFO]   Extracting module resources: /home/csc8420/.titanium/mobilesdk/linux/4.0.0.GA/android/modules/titanium-analytics.res.zip
[DEBUG]  Copying /home/csc8420/tmp/117910-4253-18h9x43.8ir971fw29/res/values/strings.xml => /home/csc8420/Titanium/RandomMunch/build/android/res/values/strings.xml
[INFO]   Extracting module resources: /home/csc8420/.titanium/mobilesdk/linux/4.0.0.GA/android/modules/titanium-android.res.zip
[DEBUG]  Merging /home/csc8420/tmp/117910-4253-yng03c.4hwfusor/res/values/strings.xml => /home/csc8420/Titanium/RandomMunch/build/android/res/values/strings.xml
[INFO]   Extracting module resources: /home/csc8420/.titanium/mobilesdk/linux/4.0.0.GA/android/modules/titanium-app.res.zip
[DEBUG]  Merging /home/csc8420/tmp/117910-4253-1bcj0bi.osjnuyp66r/res/values/strings.xml => /home/csc8420/Titanium/RandomMunch/build/android/res/values/strings.xml
[INFO]   Extracting module resources: /home/csc8420/.titanium/mobilesdk/linux/4.0.0.GA/android/modules/titanium-filesystem.res.zip
[DEBUG]  Merging /home/csc8420/tmp/117910-4253-j52y13.fd0xz2gldi/res/values/strings.xml => /home/csc8420/Titanium/RandomMunch/build/android/res/values/strings.xml
[INFO]   Extracting module resources: /home/csc8420/.titanium/mobilesdk/linux/4.0.0.GA/android/modules/titanium-media.res.zip
[DEBUG]  Merging /home/csc8420/tmp/117910-4253-rywwpi.atku9b2o6r/res/values/strings.xml => /home/csc8420/Titanium/RandomMunch/build/android/res/values/strings.xml
[INFO]   Extracting module resources: /home/csc8420/.titanium/mobilesdk/linux/4.0.0.GA/android/modules/titanium-locale.res.zip
[DEBUG]  Merging /home/csc8420/tmp/117910-4253-1mb98ik.fa0jz1714i/res/values/strings.xml => /home/csc8420/Titanium/RandomMunch/build/android/res/values/strings.xml
[INFO]   Extracting module resources: /home/csc8420/.titanium/mobilesdk/linux/4.0.0.GA/android/modules/titanium-network.res.zip
[DEBUG]  Merging /home/csc8420/tmp/117910-4253-115a4wm.xxeiykfbt9/res/values/strings.xml => /home/csc8420/Titanium/RandomMunch/build/android/res/values/strings.xml
[INFO]   Extracting module resources: /home/csc8420/.titanium/mobilesdk/linux/4.0.0.GA/android/modules/titanium-xml.res.zip
[DEBUG]  Merging /home/csc8420/tmp/117910-4253-1miae2x.eq054dvx6r/res/values/strings.xml => /home/csc8420/Titanium/RandomMunch/build/android/res/values/strings.xml
[INFO]   Extracting module resources: /home/csc8420/.titanium/mobilesdk/linux/4.0.0.GA/android/modules/titanium-utils.res.zip
[DEBUG]  Merging /home/csc8420/tmp/117910-4253-x6d67l.qphe86ko6r/res/values/strings.xml => /home/csc8420/Titanium/RandomMunch/build/android/res/values/strings.xml
[INFO]   Extracting module resources: /home/csc8420/.titanium/mobilesdk/linux/4.0.0.GA/android/modules/titanium-geolocation.res.zip
[DEBUG]  Merging /home/csc8420/tmp/117910-4253-3hhlg2.f1iaqkhuxr/res/values/strings.xml => /home/csc8420/Titanium/RandomMunch/build/android/res/values/strings.xml
[INFO]   Extracting module resources: /home/csc8420/.titanium/mobilesdk/linux/4.0.0.GA/android/modules/titanium-accelerometer.res.zip
[DEBUG]  Merging /home/csc8420/tmp/117910-4253-19xzd42.wns09newmi/res/values/strings.xml => /home/csc8420/Titanium/RandomMunch/build/android/res/values/strings.xml
[INFO]   Extracting module resources: /home/csc8420/.titanium/mobilesdk/linux/4.0.0.GA/android/modules/titanium-contacts.res.zip
[DEBUG]  Merging /home/csc8420/tmp/117910-4253-1wlfanp.lgmfrjxlxr/res/values/strings.xml => /home/csc8420/Titanium/RandomMunch/build/android/res/values/strings.xml
[INFO]   Extracting module resources: /home/csc8420/.titanium/mobilesdk/linux/4.0.0.GA/android/modules/titanium-map.res.zip
[DEBUG]  Merging /home/csc8420/tmp/117910-4253-2hnc6j.bj1nhfr/res/values/strings.xml => /home/csc8420/Titanium/RandomMunch/build/android/res/values/strings.xml
[INFO]   Extracting module resources: /home/csc8420/.titanium/mobilesdk/linux/4.0.0.GA/android/modules/titanium-gesture.res.zip
[DEBUG]  Merging /home/csc8420/tmp/117910-4253-1hcgg2r.n7cbfyldi/res/values/strings.xml => /home/csc8420/Titanium/RandomMunch/build/android/res/values/strings.xml
[INFO]   Extracting module resources: /home/csc8420/.titanium/mobilesdk/linux/4.0.0.GA/android/modules/titanium-calendar.res.zip
[DEBUG]  Merging /home/csc8420/tmp/117910-4253-3zpaaa.ac5tlkrzfr/res/values/strings.xml => /home/csc8420/Titanium/RandomMunch/build/android/res/values/strings.xml
[INFO]   Extracting module resources: /home/csc8420/.titanium/mobilesdk/linux/4.0.0.GA/android/modules/titanium-platform.res.zip
[DEBUG]  Merging /home/csc8420/tmp/117910-4253-1kcsm53.ag8sd78pvi/res/values/strings.xml => /home/csc8420/Titanium/RandomMunch/build/android/res/values/strings.xml
[INFO]   Extracting module resources: /home/csc8420/.titanium/mobilesdk/linux/4.0.0.GA/android/modules/titanium-database.res.zip
[DEBUG]  Merging /home/csc8420/tmp/117910-4253-62m8jc.r6f26jq0k9/res/values/strings.xml => /home/csc8420/Titanium/RandomMunch/build/android/res/values/strings.xml
[DEBUG]  Removing old file: /home/csc8420/Titanium/RandomMunch/build/android/AndroidManifest.xml
[INFO]   Generating i18n files
[DEBUG]  Merging en strings => /home/csc8420/Titanium/RandomMunch/build/android/res/values/strings.xml
[INFO]   Generating /home/csc8420/Titanium/RandomMunch/build/android/res/values/theme.xml
[TRACE]  Found 1 devices, checking if any of them are the emulator...
[TRACE]  Emulator not running yet, continuing to wait
[INFO]   Packaging application: /home/csc8420/Android/build-tools/25.0.2/aapt "package" "-f" "-m" "-J" "/home/csc8420/Titanium/RandomMunch/build/android/gen" "-M" "/home/csc8420/Titanium/RandomMunch/build/android/AndroidManifest.xml" "-A" "/home/csc8420/Titanium/RandomMunch/build/android/bin/assets" "-S" "/home/csc8420/Titanium/RandomMunch/build/android/res" "-I" "/home/csc8420/Android/platforms/android-21/android.jar" "-F" "/home/csc8420/Titanium/RandomMunch/build/android/bin/app.ap_" "--auto-add-overlay" "--extra-packages" "ti.modules.titanium.ui:android.support.v7.appcompat" "-S" "/home/csc8420/tmp/117910-4253-v7uvw1.yn9z6hto6r/res" "-S" "/home/csc8420/tmp/117910-4253-eqh0if.5lm3i60f6r/res"
[INFO]   Creating unsigned apk
[DEBUG]  Processing /home/csc8420/Titanium/RandomMunch/build/android/bin/app.ap_
[DEBUG]  Deflating AndroidManifest.xml
[DEBUG]  Adding assets/Resources/KS_nav_ui.png
[DEBUG]  Adding assets/Resources/KS_nav_views.png
[DEBUG]  Deflating assets/Resources/_app_props_.json
[DEBUG]  Deflating assets/Resources/app.js
[DEBUG]  Adding assets/Resources/appicon.png
[DEBUG]  Deflating assets/Resources/common.js
[DEBUG]  Deflating assets/Resources/edit_ingredients.js
[DEBUG]  Deflating assets/app.json
[DEBUG]  Deflating assets/index.json
[DEBUG]  Deflating res/anim/abc_fade_in.xml
[DEBUG]  Deflating res/anim/abc_fade_out.xml
[DEBUG]  Deflating res/anim/abc_slide_in_bottom.xml
[DEBUG]  Deflating res/anim/abc_slide_in_top.xml
[DEBUG]  Deflating res/anim/abc_slide_out_bottom.xml
[DEBUG]  Deflating res/anim/abc_slide_out_top.xml
[DEBUG]  Deflating res/color-v11/abc_background_cache_hint_selector_material_dark.xml
[DEBUG]  Deflating res/color-v11/abc_background_cache_hint_selector_material_light.xml
[DEBUG]  Deflating res/color/abc_background_cache_hint_selector_material_dark.xml
[DEBUG]  Deflating res/color/abc_background_cache_hint_selector_material_light.xml
[DEBUG]  Deflating res/color/abc_primary_text_disable_only_material_dark.xml
[DEBUG]  Deflating res/color/abc_primary_text_disable_only_material_light.xml
[DEBUG]  Deflating res/color/abc_primary_text_material_dark.xml
[DEBUG]  Deflating res/color/abc_primary_text_material_light.xml
[DEBUG]  Deflating res/color/abc_search_url_text.xml
[DEBUG]  Deflating res/color/abc_secondary_text_material_dark.xml
[DEBUG]  Deflating res/color/abc_secondary_text_material_light.xml
[DEBUG]  Adding res/drawable-hdpi-v4/abc_ab_share_pack_holo_dark.9.png
[DEBUG]  Adding res/drawable-hdpi-v4/abc_ab_share_pack_holo_light.9.png
[DEBUG]  Adding res/drawable-hdpi-v4/abc_btn_check_to_on_mtrl_000.png
[DEBUG]  Adding res/drawable-hdpi-v4/abc_btn_check_to_on_mtrl_015.png
[DEBUG]  Adding res/drawable-hdpi-v4/abc_btn_radio_to_on_mtrl_000.png
[DEBUG]  Adding res/drawable-hdpi-v4/abc_btn_radio_to_on_mtrl_015.png
[DEBUG]  Adding res/drawable-hdpi-v4/abc_btn_switch_to_on_mtrl_00001.9.png
[DEBUG]  Adding res/drawable-hdpi-v4/abc_btn_switch_to_on_mtrl_00012.9.png
[DEBUG]  Adding res/drawable-hdpi-v4/abc_cab_background_top_mtrl_alpha.9.png
[DEBUG]  Adding res/drawable-hdpi-v4/abc_ic_ab_back_mtrl_am_alpha.png
[DEBUG]  Adding res/drawable-hdpi-v4/abc_ic_clear_mtrl_alpha.png
[DEBUG]  Adding res/drawable-hdpi-v4/abc_ic_commit_search_api_mtrl_alpha.png
[DEBUG]  Adding res/drawable-hdpi-v4/abc_ic_go_search_api_mtrl_alpha.png
[DEBUG]  Adding res/drawable-hdpi-v4/abc_ic_menu_copy_mtrl_am_alpha.png
[DEBUG]  Adding res/drawable-hdpi-v4/abc_ic_menu_cut_mtrl_alpha.png
[DEBUG]  Adding res/drawable-hdpi-v4/abc_ic_menu_moreoverflow_mtrl_alpha.png
[DEBUG]  Adding res/drawable-hdpi-v4/abc_ic_menu_paste_mtrl_am_alpha.png
[DEBUG]  Adding res/drawable-hdpi-v4/abc_ic_menu_selectall_mtrl_alpha.png
[DEBUG]  Adding res/drawable-hdpi-v4/abc_ic_menu_share_mtrl_alpha.png
[DEBUG]  Adding res/drawable-hdpi-v4/abc_ic_search_api_mtrl_alpha.png
[DEBUG]  Adding res/drawable-hdpi-v4/abc_ic_voice_search_api_mtrl_alpha.png
[DEBUG]  Adding res/drawable-hdpi-v4/abc_list_divider_mtrl_alpha.9.png
[DEBUG]  Adding res/drawable-hdpi-v4/abc_list_focused_holo.9.png
[DEBUG]  Adding res/drawable-hdpi-v4/abc_list_longpressed_holo.9.png
[DEBUG]  Adding res/drawable-hdpi-v4/abc_list_pressed_holo_dark.9.png
[DEBUG]  Adding res/drawable-hdpi-v4/abc_list_pressed_holo_light.9.png
[DEBUG]  Adding res/drawable-hdpi-v4/abc_list_selector_disabled_holo_dark.9.png
[DEBUG]  Adding res/drawable-hdpi-v4/abc_list_selector_disabled_holo_light.9.png
[DEBUG]  Adding res/drawable-hdpi-v4/abc_menu_hardkey_panel_mtrl_mult.9.png
[DEBUG]  Adding res/drawable-hdpi-v4/abc_popup_background_mtrl_mult.9.png
[DEBUG]  Adding res/drawable-hdpi-v4/abc_spinner_mtrl_am_alpha.9.png
[DEBUG]  Adding res/drawable-hdpi-v4/abc_switch_track_mtrl_alpha.9.png
[DEBUG]  Adding res/drawable-hdpi-v4/abc_tab_indicator_mtrl_alpha.9.png
[DEBUG]  Adding res/drawable-hdpi-v4/abc_textfield_activated_mtrl_alpha.9.png
[DEBUG]  Adding res/drawable-hdpi-v4/abc_textfield_default_mtrl_alpha.9.png
[DEBUG]  Adding res/drawable-hdpi-v4/abc_textfield_search_activated_mtrl_alpha.9.png
[DEBUG]  Adding res/drawable-hdpi-v4/abc_textfield_search_default_mtrl_alpha.9.png
[DEBUG]  Adding res/drawable-ldrtl-hdpi-v4/abc_ic_ab_back_mtrl_am_alpha.png
[DEBUG]  Adding res/drawable-ldrtl-hdpi-v4/abc_ic_menu_copy_mtrl_am_alpha.png
[DEBUG]  Adding res/drawable-ldrtl-hdpi-v4/abc_ic_menu_cut_mtrl_alpha.png
[DEBUG]  Adding res/drawable-ldrtl-hdpi-v4/abc_spinner_mtrl_am_alpha.9.png
[DEBUG]  Adding res/drawable-ldrtl-mdpi-v4/abc_ic_ab_back_mtrl_am_alpha.png
[DEBUG]  Adding res/drawable-ldrtl-mdpi-v4/abc_ic_menu_copy_mtrl_am_alpha.png
[DEBUG]  Adding res/drawable-ldrtl-mdpi-v4/abc_ic_menu_cut_mtrl_alpha.png
[DEBUG]  Adding res/drawable-ldrtl-mdpi-v4/abc_spinner_mtrl_am_alpha.9.png
[DEBUG]  Adding res/drawable-ldrtl-xhdpi-v4/abc_ic_ab_back_mtrl_am_alpha.png
[DEBUG]  Adding res/drawable-ldrtl-xhdpi-v4/abc_ic_menu_copy_mtrl_am_alpha.png
[DEBUG]  Adding res/drawable-ldrtl-xhdpi-v4/abc_ic_menu_cut_mtrl_alpha.png
[DEBUG]  Adding res/drawable-ldrtl-xhdpi-v4/abc_spinner_mtrl_am_alpha.9.png
[DEBUG]  Adding res/drawable-ldrtl-xxhdpi-v4/abc_ic_ab_back_mtrl_am_alpha.png
[DEBUG]  Adding res/drawable-ldrtl-xxhdpi-v4/abc_ic_menu_copy_mtrl_am_alpha.png
[DEBUG]  Adding res/drawable-ldrtl-xxhdpi-v4/abc_ic_menu_cut_mtrl_alpha.png
[DEBUG]  Adding res/drawable-ldrtl-xxhdpi-v4/abc_spinner_mtrl_am_alpha.9.png
[DEBUG]  Adding res/drawable-ldrtl-xxxhdpi-v4/abc_ic_ab_back_mtrl_am_alpha.png
[DEBUG]  Adding res/drawable-ldrtl-xxxhdpi-v4/abc_ic_menu_copy_mtrl_am_alpha.png
[DEBUG]  Adding res/drawable-ldrtl-xxxhdpi-v4/abc_ic_menu_cut_mtrl_alpha.png
[DEBUG]  Adding res/drawable-ldrtl-xxxhdpi-v4/abc_spinner_mtrl_am_alpha.9.png
[DEBUG]  Adding res/drawable-long-land-hdpi-v4/background.png
[DEBUG]  Adding res/drawable-long-land-ldpi-v4/background.png
[DEBUG]  Adding res/drawable-long-port-hdpi-v4/background.png
[DEBUG]  Adding res/drawable-long-port-ldpi-v4/background.png
[DEBUG]  Adding res/drawable-mdpi-v4/abc_ab_share_pack_holo_dark.9.png
[DEBUG]  Adding res/drawable-mdpi-v4/abc_ab_share_pack_holo_light.9.png
[DEBUG]  Adding res/drawable-mdpi-v4/abc_btn_check_to_on_mtrl_000.png
[DEBUG]  Adding res/drawable-mdpi-v4/abc_btn_check_to_on_mtrl_015.png
[DEBUG]  Adding res/drawable-mdpi-v4/abc_btn_radio_to_on_mtrl_000.png
[DEBUG]  Adding res/drawable-mdpi-v4/abc_btn_radio_to_on_mtrl_015.png
[DEBUG]  Adding res/drawable-mdpi-v4/abc_btn_switch_to_on_mtrl_00001.9.png
[DEBUG]  Adding res/drawable-mdpi-v4/abc_btn_switch_to_on_mtrl_00012.9.png
[DEBUG]  Adding res/drawable-mdpi-v4/abc_cab_background_top_mtrl_alpha.9.png
[DEBUG]  Adding res/drawable-mdpi-v4/abc_ic_ab_back_mtrl_am_alpha.png
[DEBUG]  Adding res/drawable-mdpi-v4/abc_ic_clear_mtrl_alpha.png
[DEBUG]  Adding res/drawable-mdpi-v4/abc_ic_commit_search_api_mtrl_alpha.png
[DEBUG]  Adding res/drawable-mdpi-v4/abc_ic_go_search_api_mtrl_alpha.png
[DEBUG]  Adding res/drawable-mdpi-v4/abc_ic_menu_copy_mtrl_am_alpha.png
[DEBUG]  Adding res/drawable-mdpi-v4/abc_ic_menu_cut_mtrl_alpha.png
[DEBUG]  Adding res/drawable-mdpi-v4/abc_ic_menu_moreoverflow_mtrl_alpha.png
[DEBUG]  Adding res/drawable-mdpi-v4/abc_ic_menu_paste_mtrl_am_alpha.png
[DEBUG]  Adding res/drawable-mdpi-v4/abc_ic_menu_selectall_mtrl_alpha.png
[DEBUG]  Adding res/drawable-mdpi-v4/abc_ic_menu_share_mtrl_alpha.png
[DEBUG]  Adding res/drawable-mdpi-v4/abc_ic_search_api_mtrl_alpha.png
[DEBUG]  Adding res/drawable-mdpi-v4/abc_ic_voice_search_api_mtrl_alpha.png
[DEBUG]  Adding res/drawable-mdpi-v4/abc_list_divider_mtrl_alpha.9.png
[DEBUG]  Adding res/drawable-mdpi-v4/abc_list_focused_holo.9.png
[DEBUG]  Adding res/drawable-mdpi-v4/abc_list_longpressed_holo.9.png
[DEBUG]  Adding res/drawable-mdpi-v4/abc_list_pressed_holo_dark.9.png
[DEBUG]  Adding res/drawable-mdpi-v4/abc_list_pressed_holo_light.9.png
[DEBUG]  Adding res/drawable-mdpi-v4/abc_list_selector_disabled_holo_dark.9.png
[DEBUG]  Adding res/drawable-mdpi-v4/abc_list_selector_disabled_holo_light.9.png
[DEBUG]  Adding res/drawable-mdpi-v4/abc_menu_hardkey_panel_mtrl_mult.9.png
[DEBUG]  Adding res/drawable-mdpi-v4/abc_popup_background_mtrl_mult.9.png
[DEBUG]  Adding res/drawable-mdpi-v4/abc_spinner_mtrl_am_alpha.9.png
[DEBUG]  Adding res/drawable-mdpi-v4/abc_switch_track_mtrl_alpha.9.png
[DEBUG]  Adding res/drawable-mdpi-v4/abc_tab_indicator_mtrl_alpha.9.png
[DEBUG]  Adding res/drawable-mdpi-v4/abc_textfield_activated_mtrl_alpha.9.png
[DEBUG]  Adding res/drawable-mdpi-v4/abc_textfield_default_mtrl_alpha.9.png
[DEBUG]  Adding res/drawable-mdpi-v4/abc_textfield_search_activated_mtrl_alpha.9.png
[DEBUG]  Adding res/drawable-mdpi-v4/abc_textfield_search_default_mtrl_alpha.9.png
[DEBUG]  Adding res/drawable-notlong-land-hdpi-v4/background.png
[DEBUG]  Adding res/drawable-notlong-land-ldpi-v4/background.png
[DEBUG]  Adding res/drawable-notlong-land-mdpi-v4/background.png
[DEBUG]  Adding res/drawable-notlong-port-hdpi-v4/background.png
[DEBUG]  Adding res/drawable-notlong-port-ldpi-v4/background.png
[DEBUG]  Adding res/drawable-notlong-port-mdpi-v4/background.png
[DEBUG]  Deflating res/drawable-v11/abc_edit_text_material.xml
[DEBUG]  Deflating res/drawable-v11/abc_textfield_search_material.xml
[DEBUG]  Deflating res/drawable-v21/abc_cab_background_top_material.xml
[DEBUG]  Adding res/drawable-xhdpi-v4/abc_ab_share_pack_holo_dark.9.png
[DEBUG]  Adding res/drawable-xhdpi-v4/abc_ab_share_pack_holo_light.9.png
[DEBUG]  Adding res/drawable-xhdpi-v4/abc_btn_check_to_on_mtrl_000.png
[DEBUG]  Adding res/drawable-xhdpi-v4/abc_btn_check_to_on_mtrl_015.png
[DEBUG]  Adding res/drawable-xhdpi-v4/abc_btn_radio_to_on_mtrl_000.png
[DEBUG]  Adding res/drawable-xhdpi-v4/abc_btn_radio_to_on_mtrl_015.png
[DEBUG]  Adding res/drawable-xhdpi-v4/abc_btn_switch_to_on_mtrl_00001.9.png
[DEBUG]  Adding res/drawable-xhdpi-v4/abc_btn_switch_to_on_mtrl_00012.9.png
[DEBUG]  Adding res/drawable-xhdpi-v4/abc_cab_background_top_mtrl_alpha.9.png
[DEBUG]  Adding res/drawable-xhdpi-v4/abc_ic_ab_back_mtrl_am_alpha.png
[DEBUG]  Adding res/drawable-xhdpi-v4/abc_ic_clear_mtrl_alpha.png
[DEBUG]  Adding res/drawable-xhdpi-v4/abc_ic_commit_search_api_mtrl_alpha.png
[DEBUG]  Adding res/drawable-xhdpi-v4/abc_ic_go_search_api_mtrl_alpha.png
[DEBUG]  Adding res/drawable-xhdpi-v4/abc_ic_menu_copy_mtrl_am_alpha.png
[DEBUG]  Adding res/drawable-xhdpi-v4/abc_ic_menu_cut_mtrl_alpha.png
[DEBUG]  Adding res/drawable-xhdpi-v4/abc_ic_menu_moreoverflow_mtrl_alpha.png
[DEBUG]  Adding res/drawable-xhdpi-v4/abc_ic_menu_paste_mtrl_am_alpha.png
[DEBUG]  Adding res/drawable-xhdpi-v4/abc_ic_menu_selectall_mtrl_alpha.png
[DEBUG]  Adding res/drawable-xhdpi-v4/abc_ic_menu_share_mtrl_alpha.png
[DEBUG]  Adding res/drawable-xhdpi-v4/abc_ic_search_api_mtrl_alpha.png
[DEBUG]  Adding res/drawable-xhdpi-v4/abc_ic_voice_search_api_mtrl_alpha.png
[DEBUG]  Adding res/drawable-xhdpi-v4/abc_list_divider_mtrl_alpha.9.png
[DEBUG]  Adding res/drawable-xhdpi-v4/abc_list_focused_holo.9.png
[DEBUG]  Adding res/drawable-xhdpi-v4/abc_list_longpressed_holo.9.png
[DEBUG]  Adding res/drawable-xhdpi-v4/abc_list_pressed_holo_dark.9.png
[DEBUG]  Adding res/drawable-xhdpi-v4/abc_list_pressed_holo_light.9.png
[DEBUG]  Adding res/drawable-xhdpi-v4/abc_list_selector_disabled_holo_dark.9.png
[DEBUG]  Adding res/drawable-xhdpi-v4/abc_list_selector_disabled_holo_light.9.png
[DEBUG]  Adding res/drawable-xhdpi-v4/abc_menu_hardkey_panel_mtrl_mult.9.png
[DEBUG]  Adding res/drawable-xhdpi-v4/abc_popup_background_mtrl_mult.9.png
[DEBUG]  Adding res/drawable-xhdpi-v4/abc_spinner_mtrl_am_alpha.9.png
[DEBUG]  Adding res/drawable-xhdpi-v4/abc_switch_track_mtrl_alpha.9.png
[DEBUG]  Adding res/drawable-xhdpi-v4/abc_tab_indicator_mtrl_alpha.9.png
[DEBUG]  Adding res/drawable-xhdpi-v4/abc_textfield_activated_mtrl_alpha.9.png
[DEBUG]  Adding res/drawable-xhdpi-v4/abc_textfield_default_mtrl_alpha.9.png
[DEBUG]  Adding res/drawable-xhdpi-v4/abc_textfield_search_activated_mtrl_alpha.9.png
[DEBUG]  Adding res/drawable-xhdpi-v4/abc_textfield_search_default_mtrl_alpha.9.png
[DEBUG]  Adding res/drawable-xxhdpi-v4/abc_ab_share_pack_holo_dark.9.png
[DEBUG]  Adding res/drawable-xxhdpi-v4/abc_ab_share_pack_holo_light.9.png
[DEBUG]  Adding res/drawable-xxhdpi-v4/abc_btn_check_to_on_mtrl_000.png
[DEBUG]  Adding res/drawable-xxhdpi-v4/abc_btn_check_to_on_mtrl_015.png
[DEBUG]  Adding res/drawable-xxhdpi-v4/abc_btn_radio_to_on_mtrl_000.png
[DEBUG]  Adding res/drawable-xxhdpi-v4/abc_btn_radio_to_on_mtrl_015.png
[DEBUG]  Adding res/drawable-xxhdpi-v4/abc_btn_switch_to_on_mtrl_00001.9.png
[DEBUG]  Adding res/drawable-xxhdpi-v4/abc_btn_switch_to_on_mtrl_00012.9.png
[DEBUG]  Adding res/drawable-xxhdpi-v4/abc_cab_background_top_mtrl_alpha.9.png
[DEBUG]  Adding res/drawable-xxhdpi-v4/abc_ic_ab_back_mtrl_am_alpha.png
[DEBUG]  Adding res/drawable-xxhdpi-v4/abc_ic_clear_mtrl_alpha.png
[DEBUG]  Adding res/drawable-xxhdpi-v4/abc_ic_commit_search_api_mtrl_alpha.png
[DEBUG]  Adding res/drawable-xxhdpi-v4/abc_ic_go_search_api_mtrl_alpha.png
[DEBUG]  Adding res/drawable-xxhdpi-v4/abc_ic_menu_copy_mtrl_am_alpha.png
[DEBUG]  Adding res/drawable-xxhdpi-v4/abc_ic_menu_cut_mtrl_alpha.png
[DEBUG]  Adding res/drawable-xxhdpi-v4/abc_ic_menu_moreoverflow_mtrl_alpha.png
[DEBUG]  Adding res/drawable-xxhdpi-v4/abc_ic_menu_paste_mtrl_am_alpha.png
[DEBUG]  Adding res/drawable-xxhdpi-v4/abc_ic_menu_selectall_mtrl_alpha.png
[DEBUG]  Adding res/drawable-xxhdpi-v4/abc_ic_menu_share_mtrl_alpha.png
[DEBUG]  Adding res/drawable-xxhdpi-v4/abc_ic_search_api_mtrl_alpha.png
[DEBUG]  Adding res/drawable-xxhdpi-v4/abc_ic_voice_search_api_mtrl_alpha.png
[DEBUG]  Adding res/drawable-xxhdpi-v4/abc_list_divider_mtrl_alpha.9.png
[DEBUG]  Adding res/drawable-xxhdpi-v4/abc_list_focused_holo.9.png
[DEBUG]  Adding res/drawable-xxhdpi-v4/abc_list_longpressed_holo.9.png
[DEBUG]  Adding res/drawable-xxhdpi-v4/abc_list_pressed_holo_dark.9.png
[DEBUG]  Adding res/drawable-xxhdpi-v4/abc_list_pressed_holo_light.9.png
[DEBUG]  Adding res/drawable-xxhdpi-v4/abc_list_selector_disabled_holo_dark.9.png
[DEBUG]  Adding res/drawable-xxhdpi-v4/abc_list_selector_disabled_holo_light.9.png
[DEBUG]  Adding res/drawable-xxhdpi-v4/abc_menu_hardkey_panel_mtrl_mult.9.png
[DEBUG]  Adding res/drawable-xxhdpi-v4/abc_popup_background_mtrl_mult.9.png
[DEBUG]  Adding res/drawable-xxhdpi-v4/abc_spinner_mtrl_am_alpha.9.png
[DEBUG]  Adding res/drawable-xxhdpi-v4/abc_switch_track_mtrl_alpha.9.png
[DEBUG]  Adding res/drawable-xxhdpi-v4/abc_tab_indicator_mtrl_alpha.9.png
[DEBUG]  Adding res/drawable-xxhdpi-v4/abc_textfield_activated_mtrl_alpha.9.png
[DEBUG]  Adding res/drawable-xxhdpi-v4/abc_textfield_default_mtrl_alpha.9.png
[DEBUG]  Adding res/drawable-xxhdpi-v4/abc_textfield_search_activated_mtrl_alpha.9.png
[DEBUG]  Adding res/drawable-xxhdpi-v4/abc_textfield_search_default_mtrl_alpha.9.png
[DEBUG]  Adding res/drawable-xxxhdpi-v4/abc_btn_check_to_on_mtrl_000.png
[DEBUG]  Adding res/drawable-xxxhdpi-v4/abc_btn_check_to_on_mtrl_015.png
[DEBUG]  Adding res/drawable-xxxhdpi-v4/abc_btn_radio_to_on_mtrl_000.png
[DEBUG]  Adding res/drawable-xxxhdpi-v4/abc_btn_radio_to_on_mtrl_015.png
[DEBUG]  Adding res/drawable-xxxhdpi-v4/abc_btn_switch_to_on_mtrl_00001.9.png
[DEBUG]  Adding res/drawable-xxxhdpi-v4/abc_btn_switch_to_on_mtrl_00012.9.png
[DEBUG]  Adding res/drawable-xxxhdpi-v4/abc_ic_ab_back_mtrl_am_alpha.png
[DEBUG]  Adding res/drawable-xxxhdpi-v4/abc_ic_clear_mtrl_alpha.png
[DEBUG]  Adding res/drawable-xxxhdpi-v4/abc_ic_menu_copy_mtrl_am_alpha.png
[DEBUG]  Adding res/drawable-xxxhdpi-v4/abc_ic_menu_cut_mtrl_alpha.png
[DEBUG]  Adding res/drawable-xxxhdpi-v4/abc_ic_menu_moreoverflow_mtrl_alpha.png
[DEBUG]  Adding res/drawable-xxxhdpi-v4/abc_ic_menu_paste_mtrl_am_alpha.png
[DEBUG]  Adding res/drawable-xxxhdpi-v4/abc_ic_menu_selectall_mtrl_alpha.png
[DEBUG]  Adding res/drawable-xxxhdpi-v4/abc_ic_search_api_mtrl_alpha.png
[DEBUG]  Adding res/drawable-xxxhdpi-v4/abc_ic_voice_search_api_mtrl_alpha.png
[DEBUG]  Adding res/drawable-xxxhdpi-v4/abc_spinner_mtrl_am_alpha.9.png
[DEBUG]  Adding res/drawable-xxxhdpi-v4/abc_switch_track_mtrl_alpha.9.png
[DEBUG]  Adding res/drawable-xxxhdpi-v4/abc_tab_indicator_mtrl_alpha.9.png
[DEBUG]  Deflating res/drawable/abc_btn_check_material.xml
[DEBUG]  Deflating res/drawable/abc_btn_radio_material.xml
[DEBUG]  Deflating res/drawable/abc_cab_background_internal_bg.xml
[DEBUG]  Deflating res/drawable/abc_cab_background_top_material.xml
[DEBUG]  Deflating res/drawable/abc_edit_text_material.xml
[DEBUG]  Deflating res/drawable/abc_item_background_holo_dark.xml
[DEBUG]  Deflating res/drawable/abc_item_background_holo_light.xml
[DEBUG]  Deflating res/drawable/abc_list_selector_background_transition_holo_dark.xml
[DEBUG]  Deflating res/drawable/abc_list_selector_background_transition_holo_light.xml
[DEBUG]  Deflating res/drawable/abc_list_selector_holo_dark.xml
[DEBUG]  Deflating res/drawable/abc_list_selector_holo_light.xml
[DEBUG]  Deflating res/drawable/abc_switch_thumb_material.xml
[DEBUG]  Deflating res/drawable/abc_tab_indicator_material.xml
[DEBUG]  Deflating res/drawable/abc_textfield_search_material.xml
[DEBUG]  Adding res/drawable/appicon.png
[DEBUG]  Adding res/drawable/background.png
[DEBUG]  Adding res/drawable/btn_check_buttonless_on_64.png
[DEBUG]  Adding res/drawable/btn_more_64.png
[DEBUG]  Adding res/drawable/disclosure_64.png
[DEBUG]  Deflating res/layout-v11/abc_screen_content_include.xml
[DEBUG]  Deflating res/layout-v17/abc_search_view.xml
[DEBUG]  Deflating res/layout-v21/abc_screen_toolbar.xml
[DEBUG]  Deflating res/layout/abc_action_bar_title_item.xml
[DEBUG]  Deflating res/layout/abc_action_bar_up_container.xml
[DEBUG]  Deflating res/layout/abc_action_bar_view_list_nav_layout.xml
[DEBUG]  Deflating res/layout/abc_action_menu_item_layout.xml
[DEBUG]  Deflating res/layout/abc_action_menu_layout.xml
[DEBUG]  Deflating res/layout/abc_action_mode_bar.xml
[DEBUG]  Deflating res/layout/abc_action_mode_close_item_material.xml
[DEBUG]  Deflating res/layout/abc_activity_chooser_view.xml
[DEBUG]  Deflating res/layout/abc_activity_chooser_view_include.xml
[DEBUG]  Deflating res/layout/abc_activity_chooser_view_list_item.xml
[DEBUG]  Deflating res/layout/abc_expanded_menu_layout.xml
[DEBUG]  Deflating res/layout/abc_list_menu_item_checkbox.xml
[DEBUG]  Deflating res/layout/abc_list_menu_item_icon.xml
[DEBUG]  Deflating res/layout/abc_list_menu_item_layout.xml
[DEBUG]  Deflating res/layout/abc_list_menu_item_radio.xml
[DEBUG]  Deflating res/layout/abc_popup_menu_item_layout.xml
[DEBUG]  Deflating res/layout/abc_screen_content_include.xml
[DEBUG]  Deflating res/layout/abc_screen_simple.xml
[DEBUG]  Deflating res/layout/abc_screen_simple_overlay_action_mode.xml
[DEBUG]  Deflating res/layout/abc_screen_toolbar.xml
[DEBUG]  Deflating res/layout/abc_search_dropdown_item_icons_2line.xml
[DEBUG]  Deflating res/layout/abc_search_view.xml
[DEBUG]  Deflating res/layout/abc_simple_dropdown_hint.xml
[DEBUG]  Deflating res/layout/support_simple_spinner_dropdown_item.xml
[DEBUG]  Deflating res/layout/titanium_tabgroup.xml
[DEBUG]  Deflating res/layout/titanium_ui_checkbox.xml
[DEBUG]  Deflating res/layout/titanium_ui_edittext.xml
[DEBUG]  Deflating res/layout/titanium_ui_list_header_or_footer.xml
[DEBUG]  Deflating res/layout/titanium_ui_list_item.xml
[DEBUG]  Deflating res/layout/titanium_ui_spinner.xml
[DEBUG]  Deflating res/layout/titanium_ui_switchcompat.xml
[DEBUG]  Deflating resources.arsc
[DEBUG]  Processing /home/csc8420/.titanium/mobilesdk/linux/4.0.0.GA/android/kroll-v8.jar
[DEBUG]  Processing /home/csc8420/.titanium/mobilesdk/linux/4.0.0.GA/android/modules/titanium-analytics.jar
[DEBUG]  Processing /home/csc8420/.titanium/mobilesdk/linux/4.0.0.GA/android/aps-analytics.jar
[DEBUG]  Processing /home/csc8420/.titanium/mobilesdk/linux/4.0.0.GA/android/modules/titanium-android.jar
[DEBUG]  Processing /home/csc8420/.titanium/mobilesdk/linux/4.0.0.GA/android/jaxen-1.1.1.jar
[DEBUG]  Processing /home/csc8420/.titanium/mobilesdk/linux/4.0.0.GA/android/ti-commons-codec-1.3.jar
[DEBUG]  Processing /home/csc8420/.titanium/mobilesdk/linux/4.0.0.GA/android/kroll-common.jar
[DEBUG]  Processing /home/csc8420/.titanium/mobilesdk/linux/4.0.0.GA/android/titanium.jar
[DEBUG]  Deflating org/appcelerator/titanium/build.properties
[DEBUG]  Adding org/appcelerator/titanium/res/drawable/background.png
[DEBUG]  Adding org/appcelerator/titanium/res/drawable/btn_check_buttonless_on.png
[DEBUG]  Adding org/appcelerator/titanium/res/drawable/btn_check_buttonless_on_100.png
[DEBUG]  Adding org/appcelerator/titanium/res/drawable/btn_check_buttonless_on_18.png
[DEBUG]  Adding org/appcelerator/titanium/res/drawable/btn_check_buttonless_on_48.png
[DEBUG]  Adding org/appcelerator/titanium/res/drawable/btn_check_buttonless_on_64.png
[DEBUG]  Adding org/appcelerator/titanium/res/drawable/btn_more.png
[DEBUG]  Adding org/appcelerator/titanium/res/drawable/btn_more_100.png
[DEBUG]  Adding org/appcelerator/titanium/res/drawable/btn_more_18.png
[DEBUG]  Adding org/appcelerator/titanium/res/drawable/btn_more_48.png
[DEBUG]  Adding org/appcelerator/titanium/res/drawable/btn_more_64.png
[DEBUG]  Adding org/appcelerator/titanium/res/drawable/btn_picker_normal.9.png
[DEBUG]  Adding org/appcelerator/titanium/res/drawable/btn_picker_pressed.9.png
[DEBUG]  Adding org/appcelerator/titanium/res/drawable/btn_picker_selected.9.png
[DEBUG]  Adding org/appcelerator/titanium/res/drawable/default_icon.png
[DEBUG]  Adding org/appcelerator/titanium/res/drawable/photoDefault.png
[DEBUG]  Processing /home/csc8420/.titanium/mobilesdk/linux/4.0.0.GA/android/modules/titanium-app.jar
[DEBUG]  Processing /home/csc8420/.titanium/mobilesdk/linux/4.0.0.GA/android/modules/titanium-ui.jar
[DEBUG]  Deflating ti/modules/titanium/ui/widget/webview/binding.js
[DEBUG]  Deflating ti/modules/titanium/ui/widget/webview/binding.min.js
[DEBUG]  Deflating ti/modules/titanium/ui/widget/webview/json2.js
[DEBUG]  Deflating ti/modules/titanium/ui/widget/webview/polling.js
[DEBUG]  Deflating ti/modules/titanium/ui/widget/webview/polling.min.js
[DEBUG]  Processing /home/csc8420/.titanium/mobilesdk/linux/4.0.0.GA/android/nineoldandroids-appc-2.4.0.jar
[DEBUG]  Processing /home/csc8420/.titanium/mobilesdk/linux/4.0.0.GA/android/modules/titanium-filesystem.jar
[DEBUG]  Processing /home/csc8420/.titanium/mobilesdk/linux/4.0.0.GA/android/modules/titanium-media.jar
[DEBUG]  Processing /home/csc8420/.titanium/mobilesdk/linux/4.0.0.GA/android/modules/titanium-appcompat.jar
[DEBUG]  Processing /home/csc8420/.titanium/mobilesdk/linux/4.0.0.GA/android/android-support-v4.jar
[DEBUG]  Processing /home/csc8420/.titanium/mobilesdk/linux/4.0.0.GA/android/android-support-v7-appcompat.jar
[DEBUG]  Processing /home/csc8420/.titanium/mobilesdk/linux/4.0.0.GA/android/modules/titanium-locale.jar
[DEBUG]  Processing /home/csc8420/.titanium/mobilesdk/linux/4.0.0.GA/android/modules/titanium-network.jar
[DEBUG]  Processing /home/csc8420/.titanium/mobilesdk/linux/4.0.0.GA/android/thirdparty.jar
[DEBUG]  Deflating org/apache/Commons-NOTICE.txt
[DEBUG]  Deflating org/apache/HttpComponents-NOTICE.txt
[DEBUG]  Deflating org/apache/mime4j-NOTICE.txt
[DEBUG]  Processing /home/csc8420/.titanium/mobilesdk/linux/4.0.0.GA/android/modules/titanium-xml.jar
[DEBUG]  Processing /home/csc8420/.titanium/mobilesdk/linux/4.0.0.GA/android/modules/titanium-utils.jar
[DEBUG]  Processing /home/csc8420/.titanium/mobilesdk/linux/4.0.0.GA/android/modules/titanium-geolocation.jar
[DEBUG]  Processing /home/csc8420/.titanium/mobilesdk/linux/4.0.0.GA/android/modules/titanium-accelerometer.jar
[DEBUG]  Processing /home/csc8420/.titanium/mobilesdk/linux/4.0.0.GA/android/modules/titanium-contacts.jar
[DEBUG]  Processing /home/csc8420/.titanium/mobilesdk/linux/4.0.0.GA/android/modules/titanium-map.jar
[DEBUG]  Processing /home/csc8420/.titanium/mobilesdk/linux/4.0.0.GA/android/modules/titanium-gesture.jar
[DEBUG]  Processing /home/csc8420/.titanium/mobilesdk/linux/4.0.0.GA/android/modules/titanium-calendar.jar
[DEBUG]  Processing /home/csc8420/.titanium/mobilesdk/linux/4.0.0.GA/android/modules/titanium-platform.jar
[DEBUG]  Processing /home/csc8420/.titanium/mobilesdk/linux/4.0.0.GA/android/modules/titanium-database.jar
[DEBUG]  Adding classes.dex
[INFO]   Processing /home/csc8420/Titanium/RandomMunch/build/android/src
[DEBUG]  Adding lib/armeabi/libkroll-v8.so
[DEBUG]  Adding lib/armeabi/libstlport_shared.so
[DEBUG]  Adding lib/armeabi/libtiverify.so
[DEBUG]  Adding lib/armeabi-v7a/libkroll-v8.so
[DEBUG]  Adding lib/armeabi-v7a/libstlport_shared.so
[DEBUG]  Adding lib/armeabi-v7a/libtiverify.so
[DEBUG]  Adding lib/x86/libkroll-v8.so
[DEBUG]  Adding lib/x86/libstlport_shared.so
[DEBUG]  Adding lib/x86/libtiverify.so
[INFO]   Writing unsigned apk: /home/csc8420/Titanium/RandomMunch/build/android/bin/app-unsigned.apk
[INFO]   Using MD5withRSA signature algorithm
[INFO]   Signing apk: /opt/jdk1.8.0_121/bin/jarsigner "-sigalg" "MD5withRSA" "-digestalg" "SHA1" "-keystore" "/home/csc8420/.titanium/mobilesdk/linux/4.0.0.GA/android/dev_keystore" "-storepass" "*******" "-signedjar" "/home/csc8420/Titanium/RandomMunch/build/android/bin/A1-SarpKaya.apk" "/home/csc8420/Titanium/RandomMunch/build/android/bin/app-unsigned.apk" "tidev"
[INFO]   Aligning zip file: /home/csc8420/Android/build-tools/25.0.2/zipalign "-v" "4" "/home/csc8420/Titanium/RandomMunch/build/android/bin/A1-SarpKaya.apk" "/home/csc8420/Titanium/RandomMunch/build/android/bin/A1-SarpKaya.apkz"
[INFO]   Writing build manifest: /home/csc8420/Titanium/RandomMunch/build/android/build-manifest.json
[INFO]   Making sure the adb server is running
[INFO]   Waiting for emulator to become ready...
[TRACE]  Found 1 devices, checking if any of them are the emulator...
[TRACE]  Emulator is running!
[TRACE]  Checking if boot animation has finished...
[TRACE]  Emulator is booted, emitting booted event
[INFO]   Emulator is booted
[INFO]   SD card not required, skipping mount check
[INFO]   Emulator ready!
[INFO]   Installing apk: /home/csc8420/Titanium/RandomMunch/build/android/bin/A1-SarpKaya.apk
[TRACE]  Checking if package manager service is started
[TRACE]  Package manager not started yet, trying again in 2000ms...
[TRACE]  Package manager not started yet, trying again in 2000ms...
[TRACE]  Package manager not started yet, trying again in 2000ms...
[TRACE]  Package manager has started
[TRACE]  Executing: /home/csc8420/Android/platform-tools/adb -s emulator-5554 install -r /home/csc8420/Titanium/RandomMunch/build/android/bin/A1-SarpKaya.apk
[DEBUG]  ADB install failed because package manager service is still starting, trying again in 2000ms...
[TRACE]  Package manager has started
[TRACE]  Executing: /home/csc8420/Android/platform-tools/adb -s emulator-5554 install -r /home/csc8420/Titanium/RandomMunch/build/android/bin/A1-SarpKaya.apk
[INFO]   App successfully installed
[INFO]   Starting app: au.edu.usq.csc8420.sarp.a1/.A1SarpkayaActivity
[DEBUG]  Trying to start the app...
[INFO]   Application pid: 900
[INFO]   Project built successfully in 2m 10s 268ms
